  Level.cpp
Level.cpp(111): warning C4244: 'initializing': conversion from 'float' to 'int', possible loss of data
Level.cpp(112): warning C4244: 'initializing': conversion from 'float' to 'int', possible loss of data
Level.cpp(113): warning C4244: 'argument': conversion from 'int' to 'float', possible loss of data
Level.cpp(205): warning C4244: 'initializing': conversion from 'float' to 'int', possible loss of data
Level.cpp(206): warning C4244: 'initializing': conversion from 'float' to 'int', possible loss of data
Level.cpp(228): warning C4305: '*=': truncation from 'double' to 'float'
Level.cpp(229): warning C4244: '*=': conversion from 'double' to 'int', possible loss of data
Level.cpp(248): warning C4244: 'initializing': conversion from 'float' to 'int', possible loss of data
Level.cpp(249): warning C4244: 'initializing': conversion from 'float' to 'int', possible loss of data
Level.cpp(272): warning C4244: 'initializing': conversion from 'float' to 'int', possible loss of data
Level.cpp(273): warning C4244: 'initializing': conversion from 'float' to 'int', possible loss of data
Level.cpp(277): warning C4244: 'initializing': conversion from 'float' to 'int', possible loss of data
Level.cpp(278): warning C4244: 'initializing': conversion from 'float' to 'int', possible loss of data
Level.cpp(280): warning C4244: 'initializing': conversion from 'int' to 'float', possible loss of data
Level.cpp(281): warning C4244: 'initializing': conversion from 'int' to 'float', possible loss of data
Level.cpp(282): warning C4244: 'initializing': conversion from 'int' to 'float', possible loss of data
Level.cpp(283): warning C4244: 'initializing': conversion from 'int' to 'float', possible loss of data
Level.cpp(303): warning C4244: 'initializing': conversion from 'float' to 'int', possible loss of data
Level.cpp(304): warning C4244: 'initializing': conversion from 'float' to 'int', possible loss of data
Level.cpp(306): warning C4244: 'initializing': conversion from 'int' to 'float', possible loss of data
Level.cpp(307): warning C4244: 'initializing': conversion from 'int' to 'float', possible loss of data
Level.cpp(308): warning C4244: 'initializing': conversion from 'int' to 'float', possible loss of data
Level.cpp(309): warning C4244: 'initializing': conversion from 'int' to 'float', possible loss of data
Level.cpp(316): warning C4244: 'initializing': conversion from 'int' to 'float', possible loss of data
Level.cpp(382): warning C4244: 'initializing': conversion from 'float' to 'int', possible loss of data
Level.cpp(383): warning C4244: 'initializing': conversion from 'float' to 'int', possible loss of data
Level.cpp(385): warning C4244: 'initializing': conversion from 'int' to 'float', possible loss of data
Level.cpp(386): warning C4244: 'initializing': conversion from 'int' to 'float', possible loss of data
Level.cpp(387): warning C4244: 'initializing': conversion from 'int' to 'float', possible loss of data
Level.cpp(388): warning C4244: 'initializing': conversion from 'int' to 'float', possible loss of data
  Generating code
  2 of 1935 functions ( 0.1%) were compiled, the rest were copied from previous compilation.
    0 functions were new in current compilation
    2 functions had inline decision re-evaluated but remain unchanged
  Finished generating code
  Breakout.vcxproj -> C:\Users\veikka.kyllonen\Desktop\Breakout\Release\Breakout.exe
